<?xml version="1.0" encoding="UTF-8"?>
<testsuite name="InventoryMovementRepository - Pruebas de trazabilidad y Kardex" tests="1" skipped="0" failures="0" errors="0" timestamp="2026-09-02T14:07:36" hostname="eddysamgt-desktop" time="0.013">
  <properties/>
  <testcase name="Debe registrar y consultar movimientos de Kardex para un insumo" classname="com.cecamed.core.repository.InventoryMovementRepositoryTest" time="0.013"/>
  <system-out><![CDATA[2026-09-02T08:07:36.839-06:00  INFO 15958 --- [    Test worker] t.c.s.AnnotationConfigContextLoaderUtils : Could not detect default configuration classes for test class [com.cecamed.core.repository.InventoryMovementRepositoryTest]: InventoryMovementRepositoryTest does not declare any static, non-private, non-final, nested classes annotated with @Configuration.
2026-09-02T08:07:36.842-06:00  INFO 15958 --- [    Test worker] .b.t.c.SpringBootTestContextBootstrapper : Found @SpringBootConfiguration com.cecamed.core.TestCoreDbApplication for test class com.cecamed.core.repository.InventoryMovementRepositoryTest
Hibernate: 
    insert 
    into
        inventory_items
        (category, code, created_at, current_stock, description, expiration_date, generic_name, is_active, location_in_clinic, lot_number, max_stock, min_stock_alert, name, selling_price, unit_cost, unit_of_measure, updated_at, version, id) 
    values
        (?, ?, ?, ?, ?, ?, ?, ?, ?, ?, ?, ?, ?, ?, ?, ?, ?, ?, default)
Hibernate: 
    insert 
    into
        inventory_movements
        (consultation_id, created_at, inventory_item_id, movement_date_time, movement_type, patient_id, performed_by, quantity, reason_notes, stock_after, stock_before, unit_cost_at_moment, updated_at, version, id) 
    values
        (?, ?, ?, ?, ?, ?, ?, ?, ?, ?, ?, ?, ?, ?, default)
Hibernate: 
    insert 
    into
        inventory_movements
        (consultation_id, created_at, inventory_item_id, movement_date_time, movement_type, patient_id, performed_by, quantity, reason_notes, stock_after, stock_before, unit_cost_at_moment, updated_at, version, id) 
    values
        (?, ?, ?, ?, ?, ?, ?, ?, ?, ?, ?, ?, ?, ?, default)
Hibernate: 
    select
        im1_0.id,
        im1_0.consultation_id,
        im1_0.created_at,
        im1_0.inventory_item_id,
        im1_0.movement_date_time,
        im1_0.movement_type,
        im1_0.patient_id,
        im1_0.performed_by,
        im1_0.quantity,
        im1_0.reason_notes,
        im1_0.stock_after,
        im1_0.stock_before,
        im1_0.unit_cost_at_moment,
        im1_0.updated_at,
        im1_0.version 
    from
        inventory_movements im1_0 
    where
        im1_0.inventory_item_id=? 
        and im1_0.movement_date_time between ? and ? 
    order by
        im1_0.movement_date_time desc
]]></system-out>
  <system-err><![CDATA[]]></system-err>
</testsuite>
