<?xml version="1.0" encoding="UTF-8"?>
<testsuite name="PatientRepository - Pruebas de persistencia y consultas" tests="4" skipped="0" failures="0" errors="0" timestamp="2026-09-02T14:07:36" hostname="eddysamgt-desktop" time="0.591">
  <properties/>
  <testcase name="Debe paginar la búsqueda de pacientes" classname="com.cecamed.core.repository.PatientRepositoryTest" time="0.527"/>
  <testcase name="Debe guardar y recuperar un paciente por ID" classname="com.cecamed.core.repository.PatientRepositoryTest" time="0.013"/>
  <testcase name="Debe buscar por número de identificación (DNI)" classname="com.cecamed.core.repository.PatientRepositoryTest" time="0.03"/>
  <testcase name="Debe buscar pacientes activos por término de búsqueda (nombre, apellido, DNI, teléfono)" classname="com.cecamed.core.repository.PatientRepositoryTest" time="0.018"/>
  <system-out><![CDATA[08:07:33.156 [Test worker] INFO org.springframework.test.context.support.AnnotationConfigContextLoaderUtils -- Could not detect default configuration classes for test class [com.cecamed.core.repository.PatientRepositoryTest]: PatientRepositoryTest does not declare any static, non-private, non-final, nested classes annotated with @Configuration.
08:07:33.228 [Test worker] INFO org.springframework.boot.test.context.SpringBootTestContextBootstrapper -- Found @SpringBootConfiguration com.cecamed.core.TestCoreDbApplication for test class com.cecamed.core.repository.PatientRepositoryTest

  .   ____          _            __ _ _
 /\\ / ___'_ __ _ _(_)_ __  __ _ \ \ \ \
( ( )\___ | '_ | '_| | '_ \/ _` | \ \ \ \
 \\/  ___)| |_)| | | | | || (_| |  ) ) ) )
  '  |____| .__|_| |_|_| |_\__, | / / / /
 =========|_|==============|___/=/_/_/_/

 :: Spring Boot ::                (v3.3.4)

2026-09-02T08:07:33.435-06:00  INFO 15958 --- [    Test worker] c.c.c.repository.PatientRepositoryTest   : Starting PatientRepositoryTest using Java 21.0.12.1 with PID 15958 (started by eddysamgt in /home/eddysamgt/IdeaProjects/cecamed/cecamed-core-db)
2026-09-02T08:07:33.436-06:00  INFO 15958 --- [    Test worker] c.c.c.repository.PatientRepositoryTest   : No active profile set, falling back to 1 default profile: "default"
2026-09-02T08:07:33.666-06:00  INFO 15958 --- [    Test worker] .s.d.r.c.RepositoryConfigurationDelegate : Bootstrapping Spring Data JPA repositories in DEFAULT mode.
2026-09-02T08:07:33.710-06:00  INFO 15958 --- [    Test worker] .s.d.r.c.RepositoryConfigurationDelegate : Finished Spring Data repository scanning in 40 ms. Found 9 JPA repository interfaces.
2026-09-02T08:07:33.742-06:00  INFO 15958 --- [    Test worker] beddedDataSourceBeanFactoryPostProcessor : Replacing 'dataSource' DataSource bean with embedded version
2026-09-02T08:07:33.835-06:00  INFO 15958 --- [    Test worker] o.s.j.d.e.EmbeddedDatabaseFactory        : Starting embedded database: url='jdbc:h2:mem:659faa1b-5639-49c1-b356-968b5108617d;DB_CLOSE_DELAY=-1;DB_CLOSE_ON_EXIT=false', username='sa'
2026-09-02T08:07:33.998-06:00  INFO 15958 --- [    Test worker] o.hibernate.jpa.internal.util.LogHelper  : HHH000204: Processing PersistenceUnitInfo [name: default]
2026-09-02T08:07:34.032-06:00  INFO 15958 --- [    Test worker] org.hibernate.Version                    : HHH000412: Hibernate ORM core version 6.5.3.Final
2026-09-02T08:07:34.049-06:00  INFO 15958 --- [    Test worker] o.h.c.internal.RegionFactoryInitiator    : HHH000026: Second-level cache disabled
2026-09-02T08:07:34.227-06:00  INFO 15958 --- [    Test worker] o.s.o.j.p.SpringPersistenceUnitInfo      : No LoadTimeWeaver setup: ignoring JPA class transformer
2026-09-02T08:07:34.251-06:00  WARN 15958 --- [    Test worker] org.hibernate.orm.deprecation            : HHH90000025: H2Dialect does not need to be specified explicitly using 'hibernate.dialect' (remove the property setting and it will be selected by default)
2026-09-02T08:07:35.083-06:00  INFO 15958 --- [    Test worker] o.h.e.t.j.p.i.JtaPlatformInitiator       : HHH000489: No JTA platform available (set 'hibernate.transaction.jta.platform' to enable JTA platform integration)
Hibernate: 
    drop table if exists appointments cascade 
Hibernate: 
    drop table if exists doctor_schedules cascade 
Hibernate: 
    drop table if exists inventory_items cascade 
Hibernate: 
    drop table if exists inventory_movements cascade 
Hibernate: 
    drop table if exists medical_consultations cascade 
Hibernate: 
    drop table if exists medical_records cascade 
Hibernate: 
    drop table if exists patient_documents cascade 
Hibernate: 
    drop table if exists patients cascade 
Hibernate: 
    drop table if exists schedule_blocks cascade 
Hibernate: 
    create table appointments (
        created_at timestamp(6) not null,
        end_time timestamp(6) not null,
        google_last_synced_at timestamp(6),
        id bigint generated by default as identity,
        patient_id bigint not null,
        start_time timestamp(6) not null,
        updated_at timestamp(6),
        version bigint,
        google_html_link varchar(500),
        cancellation_reason TEXT,
        google_calendar_id varchar(255),
        google_event_id varchar(255),
        notes TEXT,
        reason_for_visit varchar(255) not null,
        google_sync_status enum ('FAILED','NOT_APPLICABLE','PENDING','SYNCED') not null,
        status enum ('ATENDIDA','CANCELADA','CONFIRMADA','EN_SALA','NO_ASISTIO','PROGRAMADA','REPROGRAMADA') not null,
        primary key (id)
    )
Hibernate: 
    create table doctor_schedules (
        end_time time(6) not null,
        is_active boolean not null,
        slot_duration_minutes integer not null check ((slot_duration_minutes<=240) and (slot_duration_minutes>=5)),
        start_time time(6) not null,
        created_at timestamp(6) not null,
        id bigint generated by default as identity,
        updated_at timestamp(6),
        version bigint,
        day_of_week enum ('FRIDAY','MONDAY','SATURDAY','SUNDAY','THURSDAY','TUESDAY','WEDNESDAY') not null,
        primary key (id)
    )
Hibernate: 
    create table inventory_items (
        current_stock numeric(12,2) not null,
        expiration_date date,
        is_active boolean not null,
        max_stock numeric(12,2),
        min_stock_alert numeric(12,2) not null,
        selling_price numeric(12,2),
        unit_cost numeric(12,2),
        created_at timestamp(6) not null,
        id bigint generated by default as identity,
        updated_at timestamp(6),
        version bigint,
        code varchar(50) not null unique,
        lot_number varchar(50),
        location_in_clinic varchar(100),
        generic_name varchar(150),
        name varchar(150) not null,
        description TEXT,
        category enum ('EQUIPO_INSTRUMENTAL','INSUMO_OFICINA','MATERIAL_CURACION','MEDICAMENTO','OTRO','REACTIVO_LABORATORIO') not null,
        unit_of_measure enum ('AMPOLLA','BLISTER','CAJA','FRASCO','GRAMO','KILOGRAMO','LITRO','METRO','MILILITRO','OTRO','PAQUETE','PIEZA','SOBRE','TABLETA','TUBO','UNIDAD') not null,
        primary key (id)
    )
Hibernate: 
    create table inventory_movements (
        quantity numeric(12,2) not null,
        stock_after numeric(12,2) not null,
        stock_before numeric(12,2) not null,
        unit_cost_at_moment numeric(12,2),
        consultation_id bigint,
        created_at timestamp(6) not null,
        id bigint generated by default as identity,
        inventory_item_id bigint not null,
        movement_date_time timestamp(6) not null,
        patient_id bigint,
        updated_at timestamp(6),
        version bigint,
        performed_by varchar(100),
        reason_notes TEXT,
        movement_type enum ('ENTRADA_AJUSTE','ENTRADA_COMPRA','ENTRADA_DONACION','SALIDA_AJUSTE','SALIDA_CONSULTA','SALIDA_MERMA','SALIDA_VENCIMIENTO') not null,
        primary key (id)
    )
Hibernate: 
    create table medical_consultations (
        bmi numeric(4,2),
        diastolic_pressure integer,
        heart_rate integer,
        height_cm numeric(5,2),
        oxygen_saturation_percentage integer,
        respiratory_rate integer,
        systolic_pressure integer,
        temperature_celsius numeric(4,2),
        weight_kg numeric(5,2),
        consultation_date_time timestamp(6) not null,
        created_at timestamp(6) not null,
        id bigint generated by default as identity,
        patient_id bigint not null,
        updated_at timestamp(6),
        version bigint,
        icd10_code varchar(20),
        diagnosis TEXT not null,
        physical_examination TEXT,
        private_notes TEXT,
        reason varchar(255) not null,
        symptoms TEXT,
        treatment_plan TEXT,
        primary key (id)
    )
Hibernate: 
    create table medical_records (
        created_at timestamp(6) not null,
        id bigint generated by default as identity,
        patient_id bigint not null unique,
        updated_at timestamp(6),
        version bigint,
        record_number varchar(50) not null unique,
        allergies TEXT,
        current_medications TEXT,
        family_history TEXT,
        general_observations TEXT,
        non_pathological_history TEXT,
        pathological_history TEXT,
        surgical_history TEXT,
        primary key (id)
    )
Hibernate: 
    create table patient_documents (
        consultation_id bigint,
        created_at timestamp(6) not null,
        file_size_bytes bigint not null check (file_size_bytes>=1),
        id bigint generated by default as identity,
        patient_id bigint not null,
        updated_at timestamp(6),
        version bigint,
        checksum_sha256 varchar(64),
        file_type varchar(100) not null,
        file_path varchar(500) not null,
        description TEXT,
        file_name varchar(255) not null,
        original_file_name varchar(255) not null,
        document_type enum ('CONSENTIMIENTO_INFORMADO','ESTUDIO_LABORATORIO','IMAGEN_RAYOS_X','INFORME_EXTERNO','OTRO','RECETA_MEDICA') not null,
        primary key (id)
    )
Hibernate: 
    create table patients (
        active boolean not null,
        birth_date date not null,
        created_at timestamp(6) not null,
        id bigint generated by default as identity,
        updated_at timestamp(6),
        version bigint,
        emergency_contact_phone varchar(25),
        phone varchar(25),
        emergency_contact_relationship varchar(50),
        identification_number varchar(50) not null unique,
        email varchar(100),
        emergency_contact_name varchar(100),
        first_name varchar(100) not null,
        last_name varchar(100) not null,
        address varchar(255),
        notes TEXT,
        blood_type enum ('AB_NEGATIVO','AB_POSITIVO','A_NEGATIVO','A_POSITIVO','B_NEGATIVO','B_POSITIVO','DESCONOCIDO','O_NEGATIVO','O_POSITIVO'),
        gender enum ('FEMENINO','MASCULINO','OTRO') not null,
        primary key (id)
    )
Hibernate: 
    create table schedule_blocks (
        all_day boolean not null,
        created_at timestamp(6) not null,
        end_date_time timestamp(6) not null,
        id bigint generated by default as identity,
        start_date_time timestamp(6) not null,
        updated_at timestamp(6),
        version bigint,
        title varchar(150) not null,
        google_event_id varchar(255),
        reason TEXT,
        block_type enum ('CAPACITACION','FERIADO','MANTENIMIENTO','OTRO','PERSONAL','VACACIONES') not null,
        primary key (id)
    )
Hibernate: 
    create index idx_appointment_patient_id 
       on appointments (patient_id)
Hibernate: 
    create index idx_appointment_time_range 
       on appointments (start_time, end_time)
Hibernate: 
    create index idx_appointment_status 
       on appointments (status)
Hibernate: 
    create index idx_appointment_google_event_id 
       on appointments (google_event_id)
Hibernate: 
    create index idx_appointment_sync_status 
       on appointments (google_sync_status)
Hibernate: 
    create index idx_schedule_day_active 
       on doctor_schedules (day_of_week, is_active)
Hibernate: 
    create index idx_item_name 
       on inventory_items (name)
Hibernate: 
    create index idx_item_category 
       on inventory_items (category)
Hibernate: 
    create index idx_item_stock_alert 
       on inventory_items (current_stock, min_stock_alert)
Hibernate: 
    create index idx_item_expiration 
       on inventory_items (expiration_date)
Hibernate: 
    create index idx_movement_item_id 
       on inventory_movements (inventory_item_id)
Hibernate: 
    create index idx_movement_date_time 
       on inventory_movements (movement_date_time)
Hibernate: 
    create index idx_movement_type 
       on inventory_movements (movement_type)
Hibernate: 
    create index idx_consultation_patient_id 
       on medical_consultations (patient_id)
Hibernate: 
    create index idx_consultation_date_time 
       on medical_consultations (consultation_date_time)
Hibernate: 
    create index idx_doc_patient_id 
       on patient_documents (patient_id)
Hibernate: 
    create index idx_doc_consultation_id 
       on patient_documents (consultation_id)
Hibernate: 
    create index idx_doc_type 
       on patient_documents (document_type)
Hibernate: 
    create index idx_patient_names 
       on patients (last_name, first_name)
Hibernate: 
    create index idx_patient_phone 
       on patients (phone)
Hibernate: 
    create index idx_patient_active 
       on patients (active)
Hibernate: 
    create index idx_block_time_range 
       on schedule_blocks (start_date_time, end_date_time)
Hibernate: 
    create index idx_block_type 
       on schedule_blocks (block_type)
Hibernate: 
    alter table if exists appointments 
       add constraint FK8exap5wmg8kmb1g1rx3by21yt 
       foreign key (patient_id) 
       references patients
Hibernate: 
    alter table if exists inventory_movements 
       add constraint FK5ipk71kmb2sasxvn8s6o0jypm 
       foreign key (consultation_id) 
       references medical_consultations
Hibernate: 
    alter table if exists inventory_movements 
       add constraint FK5g2urco9ofj37nh4x8v01fdxv 
       foreign key (inventory_item_id) 
       references inventory_items
Hibernate: 
    alter table if exists inventory_movements 
       add constraint FK72w8osp8fmm2267v989oful4c 
       foreign key (patient_id) 
       references patients
Hibernate: 
    alter table if exists medical_consultations 
       add constraint FKbvql3c41fub1mcap8i22q82c5 
       foreign key (patient_id) 
       references patients
Hibernate: 
    alter table if exists medical_records 
       add constraint FKrav12h9aiw7pegjt62p8owwn3 
       foreign key (patient_id) 
       references patients
Hibernate: 
    alter table if exists patient_documents 
       add constraint FK3t4sw69q5cy8xgb4fpj86gdwt 
       foreign key (consultation_id) 
       references medical_consultations
Hibernate: 
    alter table if exists patient_documents 
       add constraint FKp79ws4v6evvpkfv9il1rxcemc 
       foreign key (patient_id) 
       references patients
2026-09-02T08:07:35.141-06:00  INFO 15958 --- [    Test worker] j.LocalContainerEntityManagerFactoryBean : Initialized JPA EntityManagerFactory for persistence unit 'default'
2026-09-02T08:07:35.402-06:00  INFO 15958 --- [    Test worker] o.s.d.j.r.query.QueryEnhancerFactory     : Hibernate is in classpath; If applicable, HQL parser will be used.
2026-09-02T08:07:36.132-06:00  INFO 15958 --- [    Test worker] c.c.c.repository.PatientRepositoryTest   : Started PatientRepositoryTest in 2.871 seconds (process running for 3.527)
Hibernate: 
    insert 
    into
        patients
        (active, address, birth_date, blood_type, created_at, email, emergency_contact_name, emergency_contact_phone, emergency_contact_relationship, first_name, gender, identification_number, last_name, notes, phone, updated_at, version, id) 
    values
        (?, ?, ?, ?, ?, ?, ?, ?, ?, ?, ?, ?, ?, ?, ?, ?, ?, default)
Hibernate: 
    insert 
    into
        patients
        (active, address, birth_date, blood_type, created_at, email, emergency_contact_name, emergency_contact_phone, emergency_contact_relationship, first_name, gender, identification_number, last_name, notes, phone, updated_at, version, id) 
    values
        (?, ?, ?, ?, ?, ?, ?, ?, ?, ?, ?, ?, ?, ?, ?, ?, ?, default)
Hibernate: 
    insert 
    into
        patients
        (active, address, birth_date, blood_type, created_at, email, emergency_contact_name, emergency_contact_phone, emergency_contact_relationship, first_name, gender, identification_number, last_name, notes, phone, updated_at, version, id) 
    values
        (?, ?, ?, ?, ?, ?, ?, ?, ?, ?, ?, ?, ?, ?, ?, ?, ?, default)
Hibernate: 
    insert 
    into
        patients
        (active, address, birth_date, blood_type, created_at, email, emergency_contact_name, emergency_contact_phone, emergency_contact_relationship, first_name, gender, identification_number, last_name, notes, phone, updated_at, version, id) 
    values
        (?, ?, ?, ?, ?, ?, ?, ?, ?, ?, ?, ?, ?, ?, ?, ?, ?, default)
Hibernate: 
    insert 
    into
        patients
        (active, address, birth_date, blood_type, created_at, email, emergency_contact_name, emergency_contact_phone, emergency_contact_relationship, first_name, gender, identification_number, last_name, notes, phone, updated_at, version, id) 
    values
        (?, ?, ?, ?, ?, ?, ?, ?, ?, ?, ?, ?, ?, ?, ?, ?, ?, default)
Hibernate: 
    insert 
    into
        patients
        (active, address, birth_date, blood_type, created_at, email, emergency_contact_name, emergency_contact_phone, emergency_contact_relationship, first_name, gender, identification_number, last_name, notes, phone, updated_at, version, id) 
    values
        (?, ?, ?, ?, ?, ?, ?, ?, ?, ?, ?, ?, ?, ?, ?, ?, ?, default)
Hibernate: 
    insert 
    into
        patients
        (active, address, birth_date, blood_type, created_at, email, emergency_contact_name, emergency_contact_phone, emergency_contact_relationship, first_name, gender, identification_number, last_name, notes, phone, updated_at, version, id) 
    values
        (?, ?, ?, ?, ?, ?, ?, ?, ?, ?, ?, ?, ?, ?, ?, ?, ?, default)
Hibernate: 
    insert 
    into
        patients
        (active, address, birth_date, blood_type, created_at, email, emergency_contact_name, emergency_contact_phone, emergency_contact_relationship, first_name, gender, identification_number, last_name, notes, phone, updated_at, version, id) 
    values
        (?, ?, ?, ?, ?, ?, ?, ?, ?, ?, ?, ?, ?, ?, ?, ?, ?, default)
Hibernate: 
    insert 
    into
        patients
        (active, address, birth_date, blood_type, created_at, email, emergency_contact_name, emergency_contact_phone, emergency_contact_relationship, first_name, gender, identification_number, last_name, notes, phone, updated_at, version, id) 
    values
        (?, ?, ?, ?, ?, ?, ?, ?, ?, ?, ?, ?, ?, ?, ?, ?, ?, default)
Hibernate: 
    insert 
    into
        patients
        (active, address, birth_date, blood_type, created_at, email, emergency_contact_name, emergency_contact_phone, emergency_contact_relationship, first_name, gender, identification_number, last_name, notes, phone, updated_at, version, id) 
    values
        (?, ?, ?, ?, ?, ?, ?, ?, ?, ?, ?, ?, ?, ?, ?, ?, ?, default)
Hibernate: 
    insert 
    into
        patients
        (active, address, birth_date, blood_type, created_at, email, emergency_contact_name, emergency_contact_phone, emergency_contact_relationship, first_name, gender, identification_number, last_name, notes, phone, updated_at, version, id) 
    values
        (?, ?, ?, ?, ?, ?, ?, ?, ?, ?, ?, ?, ?, ?, ?, ?, ?, default)
Hibernate: 
    insert 
    into
        patients
        (active, address, birth_date, blood_type, created_at, email, emergency_contact_name, emergency_contact_phone, emergency_contact_relationship, first_name, gender, identification_number, last_name, notes, phone, updated_at, version, id) 
    values
        (?, ?, ?, ?, ?, ?, ?, ?, ?, ?, ?, ?, ?, ?, ?, ?, ?, default)
Hibernate: 
    insert 
    into
        patients
        (active, address, birth_date, blood_type, created_at, email, emergency_contact_name, emergency_contact_phone, emergency_contact_relationship, first_name, gender, identification_number, last_name, notes, phone, updated_at, version, id) 
    values
        (?, ?, ?, ?, ?, ?, ?, ?, ?, ?, ?, ?, ?, ?, ?, ?, ?, default)
Hibernate: 
    insert 
    into
        patients
        (active, address, birth_date, blood_type, created_at, email, emergency_contact_name, emergency_contact_phone, emergency_contact_relationship, first_name, gender, identification_number, last_name, notes, phone, updated_at, version, id) 
    values
        (?, ?, ?, ?, ?, ?, ?, ?, ?, ?, ?, ?, ?, ?, ?, ?, ?, default)
Hibernate: 
    insert 
    into
        patients
        (active, address, birth_date, blood_type, created_at, email, emergency_contact_name, emergency_contact_phone, emergency_contact_relationship, first_name, gender, identification_number, last_name, notes, phone, updated_at, version, id) 
    values
        (?, ?, ?, ?, ?, ?, ?, ?, ?, ?, ?, ?, ?, ?, ?, ?, ?, default)
Hibernate: 
    select
        p1_0.id,
        p1_0.active,
        p1_0.address,
        p1_0.birth_date,
        p1_0.blood_type,
        p1_0.created_at,
        p1_0.email,
        p1_0.emergency_contact_name,
        p1_0.emergency_contact_phone,
        p1_0.emergency_contact_relationship,
        p1_0.first_name,
        p1_0.gender,
        p1_0.identification_number,
        p1_0.last_name,
        p1_0.notes,
        p1_0.phone,
        p1_0.updated_at,
        p1_0.version 
    from
        patients p1_0 
    where
        (
            lower(p1_0.first_name) like lower(('%'||?||'%')) escape '' 
            or lower(p1_0.last_name) like lower(('%'||?||'%')) escape '' 
            or lower(p1_0.identification_number) like lower(('%'||?||'%')) escape '' 
            or lower(p1_0.phone) like lower(('%'||?||'%')) escape ''
        ) 
    fetch
        first ? rows only
Hibernate: 
    select
        count(p1_0.id) 
    from
        patients p1_0 
    where
        (
            lower(p1_0.first_name) like lower(('%'||?||'%')) escape '' 
            or lower(p1_0.last_name) like lower(('%'||?||'%')) escape '' 
            or lower(p1_0.identification_number) like lower(('%'||?||'%')) escape '' 
            or lower(p1_0.phone) like lower(('%'||?||'%')) escape ''
        )
Hibernate: 
    insert 
    into
        patients
        (active, address, birth_date, blood_type, created_at, email, emergency_contact_name, emergency_contact_phone, emergency_contact_relationship, first_name, gender, identification_number, last_name, notes, phone, updated_at, version, id) 
    values
        (?, ?, ?, ?, ?, ?, ?, ?, ?, ?, ?, ?, ?, ?, ?, ?, ?, default)
Hibernate: 
    insert 
    into
        patients
        (active, address, birth_date, blood_type, created_at, email, emergency_contact_name, emergency_contact_phone, emergency_contact_relationship, first_name, gender, identification_number, last_name, notes, phone, updated_at, version, id) 
    values
        (?, ?, ?, ?, ?, ?, ?, ?, ?, ?, ?, ?, ?, ?, ?, ?, ?, default)
Hibernate: 
    select
        p1_0.id,
        p1_0.active,
        p1_0.address,
        p1_0.birth_date,
        p1_0.blood_type,
        p1_0.created_at,
        p1_0.email,
        p1_0.emergency_contact_name,
        p1_0.emergency_contact_phone,
        p1_0.emergency_contact_relationship,
        p1_0.first_name,
        p1_0.gender,
        p1_0.identification_number,
        p1_0.last_name,
        p1_0.notes,
        p1_0.phone,
        p1_0.updated_at,
        p1_0.version 
    from
        patients p1_0 
    where
        p1_0.identification_number=?
Hibernate: 
    select
        p1_0.id 
    from
        patients p1_0 
    where
        p1_0.identification_number=? 
    fetch
        first ? rows only
Hibernate: 
    select
        p1_0.id 
    from
        patients p1_0 
    where
        p1_0.identification_number=? 
    fetch
        first ? rows only
Hibernate: 
    insert 
    into
        patients
        (active, address, birth_date, blood_type, created_at, email, emergency_contact_name, emergency_contact_phone, emergency_contact_relationship, first_name, gender, identification_number, last_name, notes, phone, updated_at, version, id) 
    values
        (?, ?, ?, ?, ?, ?, ?, ?, ?, ?, ?, ?, ?, ?, ?, ?, ?, default)
Hibernate: 
    insert 
    into
        patients
        (active, address, birth_date, blood_type, created_at, email, emergency_contact_name, emergency_contact_phone, emergency_contact_relationship, first_name, gender, identification_number, last_name, notes, phone, updated_at, version, id) 
    values
        (?, ?, ?, ?, ?, ?, ?, ?, ?, ?, ?, ?, ?, ?, ?, ?, ?, default)
Hibernate: 
    insert 
    into
        patients
        (active, address, birth_date, blood_type, created_at, email, emergency_contact_name, emergency_contact_phone, emergency_contact_relationship, first_name, gender, identification_number, last_name, notes, phone, updated_at, version, id) 
    values
        (?, ?, ?, ?, ?, ?, ?, ?, ?, ?, ?, ?, ?, ?, ?, ?, ?, default)
Hibernate: 
    select
        p1_0.id,
        p1_0.active,
        p1_0.address,
        p1_0.birth_date,
        p1_0.blood_type,
        p1_0.created_at,
        p1_0.email,
        p1_0.emergency_contact_name,
        p1_0.emergency_contact_phone,
        p1_0.emergency_contact_relationship,
        p1_0.first_name,
        p1_0.gender,
        p1_0.identification_number,
        p1_0.last_name,
        p1_0.notes,
        p1_0.phone,
        p1_0.updated_at,
        p1_0.version 
    from
        patients p1_0 
    where
        p1_0.active=true 
        and (
            lower(p1_0.first_name) like lower(('%'||?||'%')) escape '' 
            or lower(p1_0.last_name) like lower(('%'||?||'%')) escape '' 
            or lower(p1_0.identification_number) like lower(('%'||?||'%')) escape '' 
            or lower(p1_0.phone) like lower(('%'||?||'%')) escape ''
        ) 
    order by
        p1_0.last_name,
        p1_0.first_name
Hibernate: 
    select
        p1_0.id,
        p1_0.active,
        p1_0.address,
        p1_0.birth_date,
        p1_0.blood_type,
        p1_0.created_at,
        p1_0.email,
        p1_0.emergency_contact_name,
        p1_0.emergency_contact_phone,
        p1_0.emergency_contact_relationship,
        p1_0.first_name,
        p1_0.gender,
        p1_0.identification_number,
        p1_0.last_name,
        p1_0.notes,
        p1_0.phone,
        p1_0.updated_at,
        p1_0.version 
    from
        patients p1_0 
    where
        p1_0.active=true 
        and (
            lower(p1_0.first_name) like lower(('%'||?||'%')) escape '' 
            or lower(p1_0.last_name) like lower(('%'||?||'%')) escape '' 
            or lower(p1_0.identification_number) like lower(('%'||?||'%')) escape '' 
            or lower(p1_0.phone) like lower(('%'||?||'%')) escape ''
        ) 
    order by
        p1_0.last_name,
        p1_0.first_name
Hibernate: 
    select
        p1_0.id,
        p1_0.active,
        p1_0.address,
        p1_0.birth_date,
        p1_0.blood_type,
        p1_0.created_at,
        p1_0.email,
        p1_0.emergency_contact_name,
        p1_0.emergency_contact_phone,
        p1_0.emergency_contact_relationship,
        p1_0.first_name,
        p1_0.gender,
        p1_0.identification_number,
        p1_0.last_name,
        p1_0.notes,
        p1_0.phone,
        p1_0.updated_at,
        p1_0.version 
    from
        patients p1_0 
    where
        p1_0.active=true 
        and (
            lower(p1_0.first_name) like lower(('%'||?||'%')) escape '' 
            or lower(p1_0.last_name) like lower(('%'||?||'%')) escape '' 
            or lower(p1_0.identification_number) like lower(('%'||?||'%')) escape '' 
            or lower(p1_0.phone) like lower(('%'||?||'%')) escape ''
        ) 
    order by
        p1_0.last_name,
        p1_0.first_name
]]></system-out>
  <system-err><![CDATA[WARNING: A Java agent has been loaded dynamically (/home/eddysamgt/.gradle/caches/modules-2/files-2.1/net.bytebuddy/byte-buddy-agent/1.14.19/154da3a65b4f4a909d3e5bdec55d1b2b4cbb6ce1/byte-buddy-agent-1.14.19.jar)
WARNING: If a serviceability tool is in use, please run with -XX:+EnableDynamicAgentLoading to hide this warning
WARNING: If a serviceability tool is not in use, please run with -Djdk.instrument.traceUsage for more information
WARNING: Dynamic loading of agents will be disallowed by default in a future release
]]></system-err>
</testsuite>
